<component name="ArtifactManager">
  <artifact type="jar" name="jUnitForJmeter:jar">
    <output-path>$USER_HOME$/Desktop/TEST/SL_Hello</output-path>
    <root id="archive" name="jUnitForJmeter.jar">
      <element id="module-output" name="jUnitForJmeter" />
      <element id="extracted-dir" path="$MAVEN_REPOSITORY$/junit/junit/4.13.1/junit-4.13.1.jar" path-in-jar="/" />
      <element id="extracted-dir" path="$MAVEN_REPOSITORY$/org/hamcrest/hamcrest-core/1.3/hamcrest-core-1.3.jar" path-in-jar="/" />
      <element id="extracted-dir" path="$USER_HOME$/Downloads/selenium-server-4.2.0.jar" path-in-jar="/" />
    </root>
  </artifact>
</component>